2025-03-24 23:41:39 - INFO: Bot instance set in PusherClient
2025-03-24 23:41:39 - INFO: Deposit notification handler set in PusherClient
2025-03-24 23:41:39 - INFO: PusherClient configured with bot instance and notification handler
2025-03-24 23:41:39 - INFO: Bot started with polling
2025-03-24 23:41:39 - INFO: Bot is running in polling mode
2025-03-24 23:41:39 - INFO: Redis connection established
2025-03-24 23:49:40 - INFO: Bot instance set in PusherClient
2025-03-24 23:49:40 - INFO: Deposit notification handler set in PusherClient
2025-03-24 23:49:40 - INFO: PusherClient configured with bot instance and notification handler
2025-03-24 23:49:40 - INFO: Bot started with polling
2025-03-24 23:49:40 - INFO: Bot is running in polling mode
2025-03-24 23:49:40 - INFO: Redis connection established
2025-03-24 23:49:43 - INFO: API Request: GET https://income-api.copperx.io/api/auth/me
2025-03-24 23:49:43 - INFO: Headers: {"Content-Type":"application/json","Authorization":"Bearer eyJhbGciOiJSUzI1NiIsInR5cCI6IkpXVCIsImtpZCI6IjY1YmMyODZhMGQ1OThjNjk1NGZhNTgyYWIwYzIxNmY1OTE1NzM3ZWYzMTZjZGU5ZjExZDAzODkwYTAxOWY5NmUifQ.eyJ1c2VySWQiOiJmZWQ2ZTRlOS01ZTAyLTQ0NjktYTZiNS03YjIyMDNiOTBjMGMiLCJlbWFpbCI6InRydW5nLmh1eW5oMjI4QGdtYWlsLmNvbSIsInNjb3BlcyI6WyJwYXlvdXQuY29wcGVyeC5pbyIsInBvaW50cy5jb3BwZXJ4LmlvIl0sImlhdCI6MTc0MjgzMDk3MCwiZXhwIjoxNzQzNDM1NzcwLCJhdWQiOlsicGF5b3V0LmNvcHBlcnguaW8iXSwiaXNzIjoiaHR0cHM6Ly9wYXlvdXQuY29wcGVyeC5pbyIsInN1YiI6ImZlZDZlNGU5LTVlMDItNDQ2OS1hNmI1LTdiMjIwM2I5MGMwYyIsImp0aSI6IlRmWjM0SXloaEJtOTg0QlRJTjA5In0.kCj19C5k2dqsLtHmKj6ioj1x6EMBwvs4F9T6NlxdACPtDjRf8ICYmNnALLFvAEQ40dzL_yA8M69rZFZYazKjOrIeqO10r3NJjMzt6ymUgxtYd64rTDJ5WV3jzik5mAySyGSvPTO5-U63qldKLuQFqJE-_VFJciq7UNh3fXhtJMrfRRIcEk1d-X0Rl7sv93p1_lBajY9EFIqqlG1RqAaNeGSFwcanJ_SIeHqxr2jgzTy34QhuaTfVmYLLIhovyyC7Fh4AQ0OOGGiCy3Q500mdGtQ4aF1Shv-XXlZeB5LAQLgJthU3S-fG6ZncWygMfRXMDBkNgmhj81deOhoo_YeQf-U1mkUJWcf7k5ro15STMyujSNCFtDxS4Olzzh_EKDGeeL9b09xMmPFxNqypH30p5X8sEHOGgeZZ0uJTIE_2xygac-IixofVfg7Kcd_QZLxACdIF6LvULJMyQPlvhJ7RGbPNyHuS5LVQv7GkKHRseefc9_Apbr2ljLplHSIdQx1hG88jeAoG0k8Zs43MEdrb5S5f5xT801skdCjuYokku5trGpqnQWaAzCgnsAwjp4lMbOzpal6Osa7oj99BeUKIUrcRomUjEIVdnowDwjT7RvLMfN8ZnRXEcrSWMqqfNYqv8AfXRNYMGkqHB5nfvlpLRoDqVimLYTd_9KpbuFBltNI"}
2025-03-24 23:49:44 - INFO: API Response: GET https://income-api.copperx.io/api/auth/me - Status: 200 - Duration: 1.09s
2025-03-24 23:49:44 - INFO: Response data: {"id":"fed6e4e9-5e02-4469-a6b5-7b2203b90c0c","firstName":null,"lastName":null,"email":"trung.huynh228@gmail.com","status":"active","role":"user","relayerAddress":"0xa7d770a5c4276a4d85caba7bea9a1fcbd3672db7","type":"individual","walletAddress":"0x011bcc1A9F9f69af877A35156491F45f3f330C4A","walletAccountType":"quantum","organizationId":"4e8bbab5-d95d-4f91-a1a4-7581715d9c7a","walletId":"da8a5c43-671c-4d1b-aa39-623f2719e76e","flags":["migrated_wallet","intro"]}
2025-03-24 23:51:01 - INFO: Bot instance set in PusherClient
2025-03-24 23:51:01 - INFO: Deposit notification handler set in PusherClient
2025-03-24 23:51:01 - INFO: PusherClient configured with bot instance and notification handler
2025-03-24 23:51:01 - INFO: Bot started with polling
2025-03-24 23:51:01 - INFO: Bot is running in polling mode
2025-03-24 23:51:01 - INFO: Redis connection established
2025-03-24 23:51:35 - INFO: Received shutdown signal, closing bot and connections...
2025-03-24 23:51:37 - INFO: Bot instance set in PusherClient
2025-03-24 23:51:37 - INFO: Deposit notification handler set in PusherClient
2025-03-24 23:51:37 - INFO: PusherClient configured with bot instance and notification handler
2025-03-24 23:51:37 - INFO: Bot started with polling
2025-03-24 23:51:37 - INFO: Bot is running in polling mode
2025-03-24 23:51:37 - INFO: Redis connection established
2025-03-24 23:51:43 - INFO: API Request: GET https://income-api.copperx.io/api/auth/me
2025-03-24 23:51:43 - INFO: Headers: {"Content-Type":"application/json","Authorization":"Bearer eyJhbGciOiJSUzI1NiIsInR5cCI6IkpXVCIsImtpZCI6IjY1YmMyODZhMGQ1OThjNjk1NGZhNTgyYWIwYzIxNmY1OTE1NzM3ZWYzMTZjZGU5ZjExZDAzODkwYTAxOWY5NmUifQ.eyJ1c2VySWQiOiJmZWQ2ZTRlOS01ZTAyLTQ0NjktYTZiNS03YjIyMDNiOTBjMGMiLCJlbWFpbCI6InRydW5nLmh1eW5oMjI4QGdtYWlsLmNvbSIsInNjb3BlcyI6WyJwYXlvdXQuY29wcGVyeC5pbyIsInBvaW50cy5jb3BwZXJ4LmlvIl0sImlhdCI6MTc0MjgzMDk3MCwiZXhwIjoxNzQzNDM1NzcwLCJhdWQiOlsicGF5b3V0LmNvcHBlcnguaW8iXSwiaXNzIjoiaHR0cHM6Ly9wYXlvdXQuY29wcGVyeC5pbyIsInN1YiI6ImZlZDZlNGU5LTVlMDItNDQ2OS1hNmI1LTdiMjIwM2I5MGMwYyIsImp0aSI6IlRmWjM0SXloaEJtOTg0QlRJTjA5In0.kCj19C5k2dqsLtHmKj6ioj1x6EMBwvs4F9T6NlxdACPtDjRf8ICYmNnALLFvAEQ40dzL_yA8M69rZFZYazKjOrIeqO10r3NJjMzt6ymUgxtYd64rTDJ5WV3jzik5mAySyGSvPTO5-U63qldKLuQFqJE-_VFJciq7UNh3fXhtJMrfRRIcEk1d-X0Rl7sv93p1_lBajY9EFIqqlG1RqAaNeGSFwcanJ_SIeHqxr2jgzTy34QhuaTfVmYLLIhovyyC7Fh4AQ0OOGGiCy3Q500mdGtQ4aF1Shv-XXlZeB5LAQLgJthU3S-fG6ZncWygMfRXMDBkNgmhj81deOhoo_YeQf-U1mkUJWcf7k5ro15STMyujSNCFtDxS4Olzzh_EKDGeeL9b09xMmPFxNqypH30p5X8sEHOGgeZZ0uJTIE_2xygac-IixofVfg7Kcd_QZLxACdIF6LvULJMyQPlvhJ7RGbPNyHuS5LVQv7GkKHRseefc9_Apbr2ljLplHSIdQx1hG88jeAoG0k8Zs43MEdrb5S5f5xT801skdCjuYokku5trGpqnQWaAzCgnsAwjp4lMbOzpal6Osa7oj99BeUKIUrcRomUjEIVdnowDwjT7RvLMfN8ZnRXEcrSWMqqfNYqv8AfXRNYMGkqHB5nfvlpLRoDqVimLYTd_9KpbuFBltNI"}
2025-03-24 23:51:44 - INFO: API Response: GET https://income-api.copperx.io/api/auth/me - Status: 200 - Duration: 0.55s
2025-03-24 23:51:44 - INFO: Response data: {"id":"fed6e4e9-5e02-4469-a6b5-7b2203b90c0c","firstName":null,"lastName":null,"email":"trung.huynh228@gmail.com","status":"active","role":"user","relayerAddress":"0xa7d770a5c4276a4d85caba7bea9a1fcbd3672db7","type":"individual","walletAddress":"0x011bcc1A9F9f69af877A35156491F45f3f330C4A","walletAccountType":"quantum","organizationId":"4e8bbab5-d95d-4f91-a1a4-7581715d9c7a","walletId":"da8a5c43-671c-4d1b-aa39-623f2719e76e","flags":["migrated_wallet","intro"]}
2025-03-24 23:53:45 - INFO: Received shutdown signal, closing bot and connections...
2025-03-24 23:53:46 - INFO: Bot instance set in PusherClient
2025-03-24 23:53:46 - INFO: Deposit notification handler set in PusherClient
2025-03-24 23:53:46 - INFO: PusherClient configured with bot instance and notification handler
2025-03-24 23:53:46 - INFO: Bot started with polling
2025-03-24 23:53:46 - INFO: Bot is running in polling mode
2025-03-24 23:53:47 - INFO: Redis connection established
2025-03-24 23:53:49 - INFO: API Request: GET https://income-api.copperx.io/api/auth/me
2025-03-24 23:53:49 - INFO: Headers: {"Content-Type":"application/json","Authorization":"Bearer eyJhbGciOiJSUzI1NiIsInR5cCI6IkpXVCIsImtpZCI6IjY1YmMyODZhMGQ1OThjNjk1NGZhNTgyYWIwYzIxNmY1OTE1NzM3ZWYzMTZjZGU5ZjExZDAzODkwYTAxOWY5NmUifQ.eyJ1c2VySWQiOiJmZWQ2ZTRlOS01ZTAyLTQ0NjktYTZiNS03YjIyMDNiOTBjMGMiLCJlbWFpbCI6InRydW5nLmh1eW5oMjI4QGdtYWlsLmNvbSIsInNjb3BlcyI6WyJwYXlvdXQuY29wcGVyeC5pbyIsInBvaW50cy5jb3BwZXJ4LmlvIl0sImlhdCI6MTc0MjgzMDk3MCwiZXhwIjoxNzQzNDM1NzcwLCJhdWQiOlsicGF5b3V0LmNvcHBlcnguaW8iXSwiaXNzIjoiaHR0cHM6Ly9wYXlvdXQuY29wcGVyeC5pbyIsInN1YiI6ImZlZDZlNGU5LTVlMDItNDQ2OS1hNmI1LTdiMjIwM2I5MGMwYyIsImp0aSI6IlRmWjM0SXloaEJtOTg0QlRJTjA5In0.kCj19C5k2dqsLtHmKj6ioj1x6EMBwvs4F9T6NlxdACPtDjRf8ICYmNnALLFvAEQ40dzL_yA8M69rZFZYazKjOrIeqO10r3NJjMzt6ymUgxtYd64rTDJ5WV3jzik5mAySyGSvPTO5-U63qldKLuQFqJE-_VFJciq7UNh3fXhtJMrfRRIcEk1d-X0Rl7sv93p1_lBajY9EFIqqlG1RqAaNeGSFwcanJ_SIeHqxr2jgzTy34QhuaTfVmYLLIhovyyC7Fh4AQ0OOGGiCy3Q500mdGtQ4aF1Shv-XXlZeB5LAQLgJthU3S-fG6ZncWygMfRXMDBkNgmhj81deOhoo_YeQf-U1mkUJWcf7k5ro15STMyujSNCFtDxS4Olzzh_EKDGeeL9b09xMmPFxNqypH30p5X8sEHOGgeZZ0uJTIE_2xygac-IixofVfg7Kcd_QZLxACdIF6LvULJMyQPlvhJ7RGbPNyHuS5LVQv7GkKHRseefc9_Apbr2ljLplHSIdQx1hG88jeAoG0k8Zs43MEdrb5S5f5xT801skdCjuYokku5trGpqnQWaAzCgnsAwjp4lMbOzpal6Osa7oj99BeUKIUrcRomUjEIVdnowDwjT7RvLMfN8ZnRXEcrSWMqqfNYqv8AfXRNYMGkqHB5nfvlpLRoDqVimLYTd_9KpbuFBltNI"}
2025-03-24 23:53:49 - INFO: API Response: GET https://income-api.copperx.io/api/auth/me - Status: 200 - Duration: 0.55s
2025-03-24 23:53:49 - INFO: Response data: {"id":"fed6e4e9-5e02-4469-a6b5-7b2203b90c0c","firstName":null,"lastName":null,"email":"trung.huynh228@gmail.com","status":"active","role":"user","relayerAddress":"0xa7d770a5c4276a4d85caba7bea9a1fcbd3672db7","type":"individual","walletAddress":"0x011bcc1A9F9f69af877A35156491F45f3f330C4A","walletAccountType":"quantum","organizationId":"4e8bbab5-d95d-4f91-a1a4-7581715d9c7a","walletId":"da8a5c43-671c-4d1b-aa39-623f2719e76e","flags":["migrated_wallet","intro"]}
2025-03-24 23:53:55 - INFO: API Request: GET https://income-api.copperx.io/api/wallets
2025-03-24 23:53:55 - INFO: Headers: {"Content-Type":"application/json","Authorization":"Bearer eyJhbGciOiJSUzI1NiIsInR5cCI6IkpXVCIsImtpZCI6IjY1YmMyODZhMGQ1OThjNjk1NGZhNTgyYWIwYzIxNmY1OTE1NzM3ZWYzMTZjZGU5ZjExZDAzODkwYTAxOWY5NmUifQ.eyJ1c2VySWQiOiJmZWQ2ZTRlOS01ZTAyLTQ0NjktYTZiNS03YjIyMDNiOTBjMGMiLCJlbWFpbCI6InRydW5nLmh1eW5oMjI4QGdtYWlsLmNvbSIsInNjb3BlcyI6WyJwYXlvdXQuY29wcGVyeC5pbyIsInBvaW50cy5jb3BwZXJ4LmlvIl0sImlhdCI6MTc0MjgzMDk3MCwiZXhwIjoxNzQzNDM1NzcwLCJhdWQiOlsicGF5b3V0LmNvcHBlcnguaW8iXSwiaXNzIjoiaHR0cHM6Ly9wYXlvdXQuY29wcGVyeC5pbyIsInN1YiI6ImZlZDZlNGU5LTVlMDItNDQ2OS1hNmI1LTdiMjIwM2I5MGMwYyIsImp0aSI6IlRmWjM0SXloaEJtOTg0QlRJTjA5In0.kCj19C5k2dqsLtHmKj6ioj1x6EMBwvs4F9T6NlxdACPtDjRf8ICYmNnALLFvAEQ40dzL_yA8M69rZFZYazKjOrIeqO10r3NJjMzt6ymUgxtYd64rTDJ5WV3jzik5mAySyGSvPTO5-U63qldKLuQFqJE-_VFJciq7UNh3fXhtJMrfRRIcEk1d-X0Rl7sv93p1_lBajY9EFIqqlG1RqAaNeGSFwcanJ_SIeHqxr2jgzTy34QhuaTfVmYLLIhovyyC7Fh4AQ0OOGGiCy3Q500mdGtQ4aF1Shv-XXlZeB5LAQLgJthU3S-fG6ZncWygMfRXMDBkNgmhj81deOhoo_YeQf-U1mkUJWcf7k5ro15STMyujSNCFtDxS4Olzzh_EKDGeeL9b09xMmPFxNqypH30p5X8sEHOGgeZZ0uJTIE_2xygac-IixofVfg7Kcd_QZLxACdIF6LvULJMyQPlvhJ7RGbPNyHuS5LVQv7GkKHRseefc9_Apbr2ljLplHSIdQx1hG88jeAoG0k8Zs43MEdrb5S5f5xT801skdCjuYokku5trGpqnQWaAzCgnsAwjp4lMbOzpal6Osa7oj99BeUKIUrcRomUjEIVdnowDwjT7RvLMfN8ZnRXEcrSWMqqfNYqv8AfXRNYMGkqHB5nfvlpLRoDqVimLYTd_9KpbuFBltNI"}
2025-03-24 23:53:56 - INFO: API Response: GET https://income-api.copperx.io/api/wallets - Status: 200 - Duration: 0.65s
2025-03-24 23:53:56 - INFO: Response data (truncated): [{"id":"30b0a830-d389-488a-b964-d6df0abe088f","createdAt":"2025-03-20T12:20:11.015Z","updatedAt":"2025-03-21T12:01:10.607Z","organizationId":"4e8bbab5-d95d-4f91-a1a4-7581715d9c7a","walletType":"quantum","isDefault":false,"network":"137","walletAddress":"0x011bcc1A9F9f69af877A35156491F45f3f330C4A"},{"id":"da8a5c43-671c-4d1b-aa39-623f2719e76e","createdAt":"2025-03-20T12:20:11.015Z","updatedAt":"2025-03-23T17:53:37.803Z","organizationId":"4e8bbab5-d95d-4f91-a1a4-7581715d9c7a","walletType":"quantum","isDefault":true,"network":"42161","walletAddress":"0x011bcc1A9F9f69af877A35156491F45f3f330C4A"},{"id":"8fd2890a-fa15-4f8d-b68d-4d08b0273606","createdAt":"2025-03-20T12:20:11.015Z","updatedAt":"2025-03-23T17:53:37.801Z","organizationId":"4e8bbab5-d95d-4f91-a1a4-7581715d9c7a","walletType":"quantum","isDefault":false,"network":"8453","walletAddress":"0x011bcc1A9F9f69af877A35156491F45f3f330C4A"},{"id":"bdde3e6b-e6f1-4734-a976-876a2ffcddb8","createdAt":"2025-03-20T12:20:11.015Z","updatedAt":"2025-0...
2025-03-24 23:53:56 - INFO: API Request: GET https://income-api.copperx.io/api/wallets/balances
2025-03-24 23:53:56 - INFO: Headers: {"Content-Type":"application/json","Authorization":"Bearer eyJhbGciOiJSUzI1NiIsInR5cCI6IkpXVCIsImtpZCI6IjY1YmMyODZhMGQ1OThjNjk1NGZhNTgyYWIwYzIxNmY1OTE1NzM3ZWYzMTZjZGU5ZjExZDAzODkwYTAxOWY5NmUifQ.eyJ1c2VySWQiOiJmZWQ2ZTRlOS01ZTAyLTQ0NjktYTZiNS03YjIyMDNiOTBjMGMiLCJlbWFpbCI6InRydW5nLmh1eW5oMjI4QGdtYWlsLmNvbSIsInNjb3BlcyI6WyJwYXlvdXQuY29wcGVyeC5pbyIsInBvaW50cy5jb3BwZXJ4LmlvIl0sImlhdCI6MTc0MjgzMDk3MCwiZXhwIjoxNzQzNDM1NzcwLCJhdWQiOlsicGF5b3V0LmNvcHBlcnguaW8iXSwiaXNzIjoiaHR0cHM6Ly9wYXlvdXQuY29wcGVyeC5pbyIsInN1YiI6ImZlZDZlNGU5LTVlMDItNDQ2OS1hNmI1LTdiMjIwM2I5MGMwYyIsImp0aSI6IlRmWjM0SXloaEJtOTg0QlRJTjA5In0.kCj19C5k2dqsLtHmKj6ioj1x6EMBwvs4F9T6NlxdACPtDjRf8ICYmNnALLFvAEQ40dzL_yA8M69rZFZYazKjOrIeqO10r3NJjMzt6ymUgxtYd64rTDJ5WV3jzik5mAySyGSvPTO5-U63qldKLuQFqJE-_VFJciq7UNh3fXhtJMrfRRIcEk1d-X0Rl7sv93p1_lBajY9EFIqqlG1RqAaNeGSFwcanJ_SIeHqxr2jgzTy34QhuaTfVmYLLIhovyyC7Fh4AQ0OOGGiCy3Q500mdGtQ4aF1Shv-XXlZeB5LAQLgJthU3S-fG6ZncWygMfRXMDBkNgmhj81deOhoo_YeQf-U1mkUJWcf7k5ro15STMyujSNCFtDxS4Olzzh_EKDGeeL9b09xMmPFxNqypH30p5X8sEHOGgeZZ0uJTIE_2xygac-IixofVfg7Kcd_QZLxACdIF6LvULJMyQPlvhJ7RGbPNyHuS5LVQv7GkKHRseefc9_Apbr2ljLplHSIdQx1hG88jeAoG0k8Zs43MEdrb5S5f5xT801skdCjuYokku5trGpqnQWaAzCgnsAwjp4lMbOzpal6Osa7oj99BeUKIUrcRomUjEIVdnowDwjT7RvLMfN8ZnRXEcrSWMqqfNYqv8AfXRNYMGkqHB5nfvlpLRoDqVimLYTd_9KpbuFBltNI"}
2025-03-24 23:53:57 - INFO: API Response: GET https://income-api.copperx.io/api/wallets/balances - Status: 200 - Duration: 0.87s
2025-03-24 23:53:57 - INFO: Response data: [{"walletId":"30b0a830-d389-488a-b964-d6df0abe088f","isDefault":false,"network":"137","balances":[{"symbol":"USDC","balance":"0","decimals":6,"address":"0x3c499c542cef5e3811e1192ce70d8cc03d5c3359"}]},{"walletId":"da8a5c43-671c-4d1b-aa39-623f2719e76e","isDefault":true,"network":"42161","balances":[{"symbol":"USDC","balance":"3.299502","decimals":6,"address":"0xaf88d065e77c8cc2239327c5edb3a432268e5831"}]},{"walletId":"8fd2890a-fa15-4f8d-b68d-4d08b0273606","isDefault":false,"network":"8453","balances":[{"symbol":"USDC","balance":"0","decimals":6,"address":"0x833589fcd6edb6e08f4c7c32d4f71b54bda02913"}]},{"walletId":"bdde3e6b-e6f1-4734-a976-876a2ffcddb8","isDefault":null,"network":"23434","balances":[{"symbol":"USDC","balance":"0","decimals":6,"address":"0x053c91253bc9682c04929ca02ed00b3e423f6710d2ee7e0d5ebb06f3ecf368a8"},{"symbol":"STRK","balance":"0","decimals":18,"address":"0x04718f5a0fc34cc1af16a1cdee98ffb20c31f5cd61d6ab07201858f4287c938d"}]}]
2025-03-24 23:54:30 - INFO: Bot instance set in PusherClient
2025-03-24 23:54:30 - INFO: Deposit notification handler set in PusherClient
2025-03-24 23:54:30 - INFO: PusherClient configured with bot instance and notification handler
2025-03-24 23:54:30 - INFO: Bot started with polling
2025-03-24 23:54:30 - INFO: Bot is running in polling mode
2025-03-24 23:54:30 - INFO: Redis connection established
2025-03-24 23:55:43 - INFO: Received shutdown signal, closing bot and connections...
2025-03-24 23:55:44 - INFO: Bot instance set in PusherClient
2025-03-24 23:55:44 - INFO: Deposit notification handler set in PusherClient
2025-03-24 23:55:44 - INFO: PusherClient configured with bot instance and notification handler
2025-03-24 23:55:44 - INFO: Bot started with polling
2025-03-24 23:55:44 - INFO: Bot is running in polling mode
2025-03-24 23:55:44 - INFO: Redis connection established
2025-03-24 23:55:44 - INFO: Redis connection established
2025-03-24 23:55:45 - INFO: Redis connection established
2025-03-24 23:55:45 - INFO: Redis connection established
2025-03-24 23:55:45 - INFO: Redis connection established
2025-03-24 23:55:46 - INFO: Redis connection established
2025-03-24 23:55:46 - INFO: Redis connection established
2025-03-24 23:55:47 - INFO: Redis connection established
2025-03-24 23:55:47 - INFO: Redis connection established
2025-03-24 23:55:48 - INFO: Redis connection established
2025-03-24 23:55:49 - INFO: Redis connection established
2025-03-24 23:55:49 - INFO: Redis connection established
2025-03-24 23:55:50 - INFO: Redis connection established
2025-03-24 23:55:51 - INFO: Redis connection established
2025-03-24 23:55:52 - INFO: Redis connection established
2025-03-24 23:55:52 - WARN: Redis error: Error: read ECONNRESET. Using in-memory storage instead.
2025-03-24 23:55:53 - INFO: Redis connection established
2025-03-24 23:55:54 - INFO: Redis connection established
2025-03-24 23:55:55 - INFO: Redis connection established
2025-03-24 23:55:56 - INFO: Redis connection established
2025-03-24 23:55:57 - INFO: Redis connection established
2025-03-24 23:55:57 - WARN: Redis error: Error: read ECONNRESET. Using in-memory storage instead.
2025-03-24 23:55:58 - INFO: Redis connection established
2025-03-24 23:55:58 - WARN: Redis error: Error: read ECONNRESET. Using in-memory storage instead.
2025-03-24 23:55:58 - WARN: Failed to connect to Redis: MaxRetriesPerRequestError: Reached the max retries per request limit (which is 20). Refer to "maxRetriesPerRequest" option for details.. Using in-memory storage instead.
2025-03-24 23:55:58 - WARN: Redis error: MaxRetriesPerRequestError: Reached the max retries per request limit (which is 20). Refer to "maxRetriesPerRequest" option for details.. Using in-memory storage instead.
2025-03-24 23:55:59 - INFO: Redis connection established
2025-03-24 23:56:01 - INFO: Redis connection established
2025-03-24 23:56:02 - INFO: Redis connection established
2025-03-24 23:56:02 - WARN: Redis error: Error: read ECONNRESET. Using in-memory storage instead.
2025-03-24 23:56:03 - INFO: Redis connection established
2025-03-24 23:56:03 - WARN: Redis error: Error: read ECONNRESET. Using in-memory storage instead.
2025-03-24 23:56:05 - INFO: Redis connection established
2025-03-24 23:56:06 - INFO: Redis connection established
2025-03-24 23:56:08 - INFO: Redis connection established
2025-03-24 23:56:09 - INFO: Redis connection established
2025-03-24 23:56:11 - INFO: Redis connection established
2025-03-24 23:56:13 - INFO: Redis connection established
2025-03-24 23:56:15 - INFO: Redis connection established
2025-03-24 23:56:16 - INFO: Redis connection established
2025-03-24 23:56:18 - INFO: Redis connection established
2025-03-24 23:56:20 - INFO: Redis connection established
2025-03-24 23:56:22 - INFO: Redis connection established
2025-03-24 23:56:24 - INFO: Redis connection established
2025-03-24 23:56:26 - INFO: Redis connection established
2025-03-24 23:56:28 - INFO: Redis connection established
2025-03-24 23:56:30 - INFO: Redis connection established
2025-03-24 23:56:32 - INFO: Redis connection established
2025-03-24 23:56:34 - INFO: Redis connection established
2025-03-24 23:56:34 - WARN: Redis error: Error: read ECONNRESET. Using in-memory storage instead.
2025-03-24 23:56:34 - WARN: Redis error: MaxRetriesPerRequestError: Reached the max retries per request limit (which is 20). Refer to "maxRetriesPerRequest" option for details.. Using in-memory storage instead.
2025-03-24 23:56:36 - INFO: Redis connection established
2025-03-24 23:56:39 - INFO: Redis connection established
2025-03-24 23:56:41 - INFO: Redis connection established
2025-03-24 23:56:43 - INFO: Redis connection established
2025-03-24 23:56:45 - INFO: Redis connection established
2025-03-24 23:56:47 - INFO: Redis connection established
2025-03-24 23:56:47 - WARN: Redis error: Error: read ECONNRESET. Using in-memory storage instead.
2025-03-24 23:56:49 - INFO: Redis connection established
2025-03-24 23:56:49 - WARN: Redis error: Error: read ECONNRESET. Using in-memory storage instead.
2025-03-24 23:56:52 - INFO: Redis connection established
2025-03-24 23:56:54 - INFO: Redis connection established
2025-03-24 23:56:56 - INFO: Redis connection established
2025-03-24 23:56:58 - INFO: Redis connection established
2025-03-24 23:57:00 - INFO: Redis connection established
2025-03-24 23:57:02 - INFO: Redis connection established
2025-03-24 23:57:04 - INFO: Redis connection established
2025-03-24 23:57:06 - INFO: Redis connection established
2025-03-24 23:57:09 - INFO: Redis connection established
2025-03-24 23:57:11 - INFO: Redis connection established
2025-03-24 23:57:13 - INFO: Redis connection established
2025-03-24 23:57:15 - INFO: Redis connection established
2025-03-24 23:57:15 - WARN: Redis error: Error: read ECONNRESET. Using in-memory storage instead.
2025-03-24 23:57:17 - INFO: Redis connection established
2025-03-24 23:57:20 - INFO: Redis connection established
2025-03-24 23:57:20 - WARN: Redis error: MaxRetriesPerRequestError: Reached the max retries per request limit (which is 20). Refer to "maxRetriesPerRequest" option for details.. Using in-memory storage instead.
2025-03-24 23:57:22 - INFO: Redis connection established
2025-03-24 23:57:24 - INFO: Redis connection established
2025-03-24 23:57:26 - INFO: Redis connection established
2025-03-24 23:57:28 - INFO: Redis connection established
2025-03-24 23:57:30 - INFO: Redis connection established
2025-03-24 23:57:33 - INFO: Redis connection established
2025-03-24 23:57:35 - INFO: Redis connection established
2025-03-24 23:57:37 - INFO: Redis connection established
2025-03-24 23:57:37 - WARN: Redis error: Error: read ECONNRESET. Using in-memory storage instead.
2025-03-24 23:57:39 - INFO: Redis connection established
2025-03-24 23:57:41 - INFO: Redis connection established
2025-03-24 23:57:44 - INFO: Redis connection established
2025-03-24 23:57:45 - INFO: Received shutdown signal, closing bot and connections...
2025-03-24 23:57:53 - INFO: Bot instance set in PusherClient
2025-03-24 23:57:53 - INFO: Deposit notification handler set in PusherClient
2025-03-24 23:57:53 - INFO: PusherClient configured with bot instance and notification handler
2025-03-24 23:57:53 - INFO: Bot started with polling
2025-03-24 23:57:53 - INFO: Bot is running in polling mode
2025-03-24 23:57:53 - INFO: Redis connection established
2025-03-24 23:58:04 - INFO: API Request: GET https://income-api.copperx.io/api/transfers
2025-03-24 23:58:04 - INFO: Headers: {"Content-Type":"application/json","Authorization":"Bearer eyJhbGciOiJSUzI1NiIsInR5cCI6IkpXVCIsImtpZCI6IjY1YmMyODZhMGQ1OThjNjk1NGZhNTgyYWIwYzIxNmY1OTE1NzM3ZWYzMTZjZGU5ZjExZDAzODkwYTAxOWY5NmUifQ.eyJ1c2VySWQiOiJmZWQ2ZTRlOS01ZTAyLTQ0NjktYTZiNS03YjIyMDNiOTBjMGMiLCJlbWFpbCI6InRydW5nLmh1eW5oMjI4QGdtYWlsLmNvbSIsInNjb3BlcyI6WyJwYXlvdXQuY29wcGVyeC5pbyIsInBvaW50cy5jb3BwZXJ4LmlvIl0sImlhdCI6MTc0MjgzMDk3MCwiZXhwIjoxNzQzNDM1NzcwLCJhdWQiOlsicGF5b3V0LmNvcHBlcnguaW8iXSwiaXNzIjoiaHR0cHM6Ly9wYXlvdXQuY29wcGVyeC5pbyIsInN1YiI6ImZlZDZlNGU5LTVlMDItNDQ2OS1hNmI1LTdiMjIwM2I5MGMwYyIsImp0aSI6IlRmWjM0SXloaEJtOTg0QlRJTjA5In0.kCj19C5k2dqsLtHmKj6ioj1x6EMBwvs4F9T6NlxdACPtDjRf8ICYmNnALLFvAEQ40dzL_yA8M69rZFZYazKjOrIeqO10r3NJjMzt6ymUgxtYd64rTDJ5WV3jzik5mAySyGSvPTO5-U63qldKLuQFqJE-_VFJciq7UNh3fXhtJMrfRRIcEk1d-X0Rl7sv93p1_lBajY9EFIqqlG1RqAaNeGSFwcanJ_SIeHqxr2jgzTy34QhuaTfVmYLLIhovyyC7Fh4AQ0OOGGiCy3Q500mdGtQ4aF1Shv-XXlZeB5LAQLgJthU3S-fG6ZncWygMfRXMDBkNgmhj81deOhoo_YeQf-U1mkUJWcf7k5ro15STMyujSNCFtDxS4Olzzh_EKDGeeL9b09xMmPFxNqypH30p5X8sEHOGgeZZ0uJTIE_2xygac-IixofVfg7Kcd_QZLxACdIF6LvULJMyQPlvhJ7RGbPNyHuS5LVQv7GkKHRseefc9_Apbr2ljLplHSIdQx1hG88jeAoG0k8Zs43MEdrb5S5f5xT801skdCjuYokku5trGpqnQWaAzCgnsAwjp4lMbOzpal6Osa7oj99BeUKIUrcRomUjEIVdnowDwjT7RvLMfN8ZnRXEcrSWMqqfNYqv8AfXRNYMGkqHB5nfvlpLRoDqVimLYTd_9KpbuFBltNI"}
2025-03-24 23:58:04 - INFO: Query params: {"page":1,"limit":10}
2025-03-24 23:58:04 - INFO: API Response: GET https://income-api.copperx.io/api/transfers - Status: 200 - Duration: 0.91s
2025-03-24 23:58:04 - INFO: Response data (truncated): {"page":1,"limit":10,"count":15,"hasMore":true,"data":[{"id":"6ab413f5-9495-42e9-83d8-ec981b38b6b7","createdAt":"2025-03-24T15:45:36.655Z","updatedAt":"2025-03-24T15:45:36.655Z","organizationId":"4e8bbab5-d95d-4f91-a1a4-7581715d9c7a","status":"success","customerId":null,"type":"deposit","amount":"40200000","currency":"USDC","amountSubtotal":"40200000","totalFee":"0","feeCurrency":"USDC","invoiceNumber":null,"invoiceUrl":null,"purposeCode":null,"sourceAccountId":"1e75597f-b3e3-4d19-87c4-81b6bb7d307f","destinationAccountId":"4565034a-3964-461f-ab7b-0cf8d4d3976e","sourceCountry":"none","sourceOfFundsFile":null,"note":null,"destinationCountry":"none","isThirdPartyPayment":null,"destinationCurrency":null,"mode":"on_chain","senderDisplayName":"Trung Huynh","transactions":[{"id":"aa56e671-4858-41b2-9e88-528530d68cc5","createdAt":"2025-03-24T15:45:36.667Z","updatedAt":"2025-03-24T15:45:36.667Z","organizationId":"4e8bbab5-d95d-4f91-a1a4-7581715d9c7a","type":"deposit","providerCode":"0x21","kycI...
2025-03-24 23:58:15 - INFO: API Request: GET https://income-api.copperx.io/api/auth/me
2025-03-24 23:58:15 - INFO: Headers: {"Content-Type":"application/json","Authorization":"Bearer eyJhbGciOiJSUzI1NiIsInR5cCI6IkpXVCIsImtpZCI6IjY1YmMyODZhMGQ1OThjNjk1NGZhNTgyYWIwYzIxNmY1OTE1NzM3ZWYzMTZjZGU5ZjExZDAzODkwYTAxOWY5NmUifQ.eyJ1c2VySWQiOiJmZWQ2ZTRlOS01ZTAyLTQ0NjktYTZiNS03YjIyMDNiOTBjMGMiLCJlbWFpbCI6InRydW5nLmh1eW5oMjI4QGdtYWlsLmNvbSIsInNjb3BlcyI6WyJwYXlvdXQuY29wcGVyeC5pbyIsInBvaW50cy5jb3BwZXJ4LmlvIl0sImlhdCI6MTc0MjgzMDk3MCwiZXhwIjoxNzQzNDM1NzcwLCJhdWQiOlsicGF5b3V0LmNvcHBlcnguaW8iXSwiaXNzIjoiaHR0cHM6Ly9wYXlvdXQuY29wcGVyeC5pbyIsInN1YiI6ImZlZDZlNGU5LTVlMDItNDQ2OS1hNmI1LTdiMjIwM2I5MGMwYyIsImp0aSI6IlRmWjM0SXloaEJtOTg0QlRJTjA5In0.kCj19C5k2dqsLtHmKj6ioj1x6EMBwvs4F9T6NlxdACPtDjRf8ICYmNnALLFvAEQ40dzL_yA8M69rZFZYazKjOrIeqO10r3NJjMzt6ymUgxtYd64rTDJ5WV3jzik5mAySyGSvPTO5-U63qldKLuQFqJE-_VFJciq7UNh3fXhtJMrfRRIcEk1d-X0Rl7sv93p1_lBajY9EFIqqlG1RqAaNeGSFwcanJ_SIeHqxr2jgzTy34QhuaTfVmYLLIhovyyC7Fh4AQ0OOGGiCy3Q500mdGtQ4aF1Shv-XXlZeB5LAQLgJthU3S-fG6ZncWygMfRXMDBkNgmhj81deOhoo_YeQf-U1mkUJWcf7k5ro15STMyujSNCFtDxS4Olzzh_EKDGeeL9b09xMmPFxNqypH30p5X8sEHOGgeZZ0uJTIE_2xygac-IixofVfg7Kcd_QZLxACdIF6LvULJMyQPlvhJ7RGbPNyHuS5LVQv7GkKHRseefc9_Apbr2ljLplHSIdQx1hG88jeAoG0k8Zs43MEdrb5S5f5xT801skdCjuYokku5trGpqnQWaAzCgnsAwjp4lMbOzpal6Osa7oj99BeUKIUrcRomUjEIVdnowDwjT7RvLMfN8ZnRXEcrSWMqqfNYqv8AfXRNYMGkqHB5nfvlpLRoDqVimLYTd_9KpbuFBltNI"}
2025-03-24 23:58:15 - INFO: API Response: GET https://income-api.copperx.io/api/auth/me - Status: 200 - Duration: 0.64s
2025-03-24 23:58:15 - INFO: Response data: {"id":"fed6e4e9-5e02-4469-a6b5-7b2203b90c0c","firstName":null,"lastName":null,"email":"trung.huynh228@gmail.com","status":"active","role":"user","relayerAddress":"0xa7d770a5c4276a4d85caba7bea9a1fcbd3672db7","type":"individual","walletAddress":"0x011bcc1A9F9f69af877A35156491F45f3f330C4A","walletAccountType":"quantum","organizationId":"4e8bbab5-d95d-4f91-a1a4-7581715d9c7a","walletId":"da8a5c43-671c-4d1b-aa39-623f2719e76e","flags":["migrated_wallet","intro"]}
2025-03-24 23:58:15 - INFO: API Request: GET https://income-api.copperx.io/api/kycs
2025-03-24 23:58:15 - INFO: Headers: {"Content-Type":"application/json","Authorization":"Bearer eyJhbGciOiJSUzI1NiIsInR5cCI6IkpXVCIsImtpZCI6IjY1YmMyODZhMGQ1OThjNjk1NGZhNTgyYWIwYzIxNmY1OTE1NzM3ZWYzMTZjZGU5ZjExZDAzODkwYTAxOWY5NmUifQ.eyJ1c2VySWQiOiJmZWQ2ZTRlOS01ZTAyLTQ0NjktYTZiNS03YjIyMDNiOTBjMGMiLCJlbWFpbCI6InRydW5nLmh1eW5oMjI4QGdtYWlsLmNvbSIsInNjb3BlcyI6WyJwYXlvdXQuY29wcGVyeC5pbyIsInBvaW50cy5jb3BwZXJ4LmlvIl0sImlhdCI6MTc0MjgzMDk3MCwiZXhwIjoxNzQzNDM1NzcwLCJhdWQiOlsicGF5b3V0LmNvcHBlcnguaW8iXSwiaXNzIjoiaHR0cHM6Ly9wYXlvdXQuY29wcGVyeC5pbyIsInN1YiI6ImZlZDZlNGU5LTVlMDItNDQ2OS1hNmI1LTdiMjIwM2I5MGMwYyIsImp0aSI6IlRmWjM0SXloaEJtOTg0QlRJTjA5In0.kCj19C5k2dqsLtHmKj6ioj1x6EMBwvs4F9T6NlxdACPtDjRf8ICYmNnALLFvAEQ40dzL_yA8M69rZFZYazKjOrIeqO10r3NJjMzt6ymUgxtYd64rTDJ5WV3jzik5mAySyGSvPTO5-U63qldKLuQFqJE-_VFJciq7UNh3fXhtJMrfRRIcEk1d-X0Rl7sv93p1_lBajY9EFIqqlG1RqAaNeGSFwcanJ_SIeHqxr2jgzTy34QhuaTfVmYLLIhovyyC7Fh4AQ0OOGGiCy3Q500mdGtQ4aF1Shv-XXlZeB5LAQLgJthU3S-fG6ZncWygMfRXMDBkNgmhj81deOhoo_YeQf-U1mkUJWcf7k5ro15STMyujSNCFtDxS4Olzzh_EKDGeeL9b09xMmPFxNqypH30p5X8sEHOGgeZZ0uJTIE_2xygac-IixofVfg7Kcd_QZLxACdIF6LvULJMyQPlvhJ7RGbPNyHuS5LVQv7GkKHRseefc9_Apbr2ljLplHSIdQx1hG88jeAoG0k8Zs43MEdrb5S5f5xT801skdCjuYokku5trGpqnQWaAzCgnsAwjp4lMbOzpal6Osa7oj99BeUKIUrcRomUjEIVdnowDwjT7RvLMfN8ZnRXEcrSWMqqfNYqv8AfXRNYMGkqHB5nfvlpLRoDqVimLYTd_9KpbuFBltNI"}
2025-03-24 23:58:15 - INFO: API Response: GET https://income-api.copperx.io/api/kycs - Status: 200 - Duration: 0.16s
2025-03-24 23:58:15 - INFO: Response data (truncated): {"page":1,"limit":10,"count":1,"hasMore":false,"data":[{"id":"35550727-c51f-49f9-b756-97ceaffe8d44","createdAt":"2025-03-23T01:37:57.042Z","updatedAt":"2025-03-24T09:34:34.762Z","providerCode":"0x21","kycProviderCode":"persona","organizationId":"4e8bbab5-d95d-4f91-a1a4-7581715d9c7a","status":"rejected","type":"individual","country":"vnm","kycDetailId":"f1f5fb85-d5f1-451c-ab05-d0fbbccd4820","kybDetailId":null,"statusUpdates":{"initiated":"2025-03-23T01:37:57.041Z","inprogress":"2025-03-23T01:39:35.249Z","on_hold":"2025-03-23T01:47:11.522Z","provider_manual_review":"2025-03-23T01:47:14.907Z","rejected":"2025-03-24T09:34:34.761Z"},"kycDetail":{"id":"f1f5fb85-d5f1-451c-ab05-d0fbbccd4820","createdAt":"2025-03-23T01:37:57.030Z","updatedAt":"2025-03-23T01:38:04.365Z","organizationId":"4e8bbab5-d95d-4f91-a1a4-7581715d9c7a","kybDetailId":null,"nationality":"vnm","firstName":"Trung","lastName":"Huynh","middleName":null,"email":"trung.huynh228@gmail.com","phoneNumber":null,"dateOfBirth":null,"add...
2025-03-24 23:58:38 - INFO: API Request: GET https://income-api.copperx.io/api/wallets
2025-03-24 23:58:38 - INFO: Headers: {"Content-Type":"application/json","Authorization":"Bearer eyJhbGciOiJSUzI1NiIsInR5cCI6IkpXVCIsImtpZCI6IjY1YmMyODZhMGQ1OThjNjk1NGZhNTgyYWIwYzIxNmY1OTE1NzM3ZWYzMTZjZGU5ZjExZDAzODkwYTAxOWY5NmUifQ.eyJ1c2VySWQiOiJmZWQ2ZTRlOS01ZTAyLTQ0NjktYTZiNS03YjIyMDNiOTBjMGMiLCJlbWFpbCI6InRydW5nLmh1eW5oMjI4QGdtYWlsLmNvbSIsInNjb3BlcyI6WyJwYXlvdXQuY29wcGVyeC5pbyIsInBvaW50cy5jb3BwZXJ4LmlvIl0sImlhdCI6MTc0MjgzMDk3MCwiZXhwIjoxNzQzNDM1NzcwLCJhdWQiOlsicGF5b3V0LmNvcHBlcnguaW8iXSwiaXNzIjoiaHR0cHM6Ly9wYXlvdXQuY29wcGVyeC5pbyIsInN1YiI6ImZlZDZlNGU5LTVlMDItNDQ2OS1hNmI1LTdiMjIwM2I5MGMwYyIsImp0aSI6IlRmWjM0SXloaEJtOTg0QlRJTjA5In0.kCj19C5k2dqsLtHmKj6ioj1x6EMBwvs4F9T6NlxdACPtDjRf8ICYmNnALLFvAEQ40dzL_yA8M69rZFZYazKjOrIeqO10r3NJjMzt6ymUgxtYd64rTDJ5WV3jzik5mAySyGSvPTO5-U63qldKLuQFqJE-_VFJciq7UNh3fXhtJMrfRRIcEk1d-X0Rl7sv93p1_lBajY9EFIqqlG1RqAaNeGSFwcanJ_SIeHqxr2jgzTy34QhuaTfVmYLLIhovyyC7Fh4AQ0OOGGiCy3Q500mdGtQ4aF1Shv-XXlZeB5LAQLgJthU3S-fG6ZncWygMfRXMDBkNgmhj81deOhoo_YeQf-U1mkUJWcf7k5ro15STMyujSNCFtDxS4Olzzh_EKDGeeL9b09xMmPFxNqypH30p5X8sEHOGgeZZ0uJTIE_2xygac-IixofVfg7Kcd_QZLxACdIF6LvULJMyQPlvhJ7RGbPNyHuS5LVQv7GkKHRseefc9_Apbr2ljLplHSIdQx1hG88jeAoG0k8Zs43MEdrb5S5f5xT801skdCjuYokku5trGpqnQWaAzCgnsAwjp4lMbOzpal6Osa7oj99BeUKIUrcRomUjEIVdnowDwjT7RvLMfN8ZnRXEcrSWMqqfNYqv8AfXRNYMGkqHB5nfvlpLRoDqVimLYTd_9KpbuFBltNI"}
2025-03-24 23:58:38 - INFO: API Response: GET https://income-api.copperx.io/api/wallets - Status: 200 - Duration: 0.56s
2025-03-24 23:58:38 - INFO: Response data (truncated): [{"id":"30b0a830-d389-488a-b964-d6df0abe088f","createdAt":"2025-03-20T12:20:11.015Z","updatedAt":"2025-03-21T12:01:10.607Z","organizationId":"4e8bbab5-d95d-4f91-a1a4-7581715d9c7a","walletType":"quantum","isDefault":false,"network":"137","walletAddress":"0x011bcc1A9F9f69af877A35156491F45f3f330C4A"},{"id":"da8a5c43-671c-4d1b-aa39-623f2719e76e","createdAt":"2025-03-20T12:20:11.015Z","updatedAt":"2025-03-23T17:53:37.803Z","organizationId":"4e8bbab5-d95d-4f91-a1a4-7581715d9c7a","walletType":"quantum","isDefault":true,"network":"42161","walletAddress":"0x011bcc1A9F9f69af877A35156491F45f3f330C4A"},{"id":"8fd2890a-fa15-4f8d-b68d-4d08b0273606","createdAt":"2025-03-20T12:20:11.015Z","updatedAt":"2025-03-23T17:53:37.801Z","organizationId":"4e8bbab5-d95d-4f91-a1a4-7581715d9c7a","walletType":"quantum","isDefault":false,"network":"8453","walletAddress":"0x011bcc1A9F9f69af877A35156491F45f3f330C4A"},{"id":"bdde3e6b-e6f1-4734-a976-876a2ffcddb8","createdAt":"2025-03-20T12:20:11.015Z","updatedAt":"2025-0...
2025-03-24 23:58:38 - INFO: API Request: GET https://income-api.copperx.io/api/wallets/balances
2025-03-24 23:58:38 - INFO: Headers: {"Content-Type":"application/json","Authorization":"Bearer eyJhbGciOiJSUzI1NiIsInR5cCI6IkpXVCIsImtpZCI6IjY1YmMyODZhMGQ1OThjNjk1NGZhNTgyYWIwYzIxNmY1OTE1NzM3ZWYzMTZjZGU5ZjExZDAzODkwYTAxOWY5NmUifQ.eyJ1c2VySWQiOiJmZWQ2ZTRlOS01ZTAyLTQ0NjktYTZiNS03YjIyMDNiOTBjMGMiLCJlbWFpbCI6InRydW5nLmh1eW5oMjI4QGdtYWlsLmNvbSIsInNjb3BlcyI6WyJwYXlvdXQuY29wcGVyeC5pbyIsInBvaW50cy5jb3BwZXJ4LmlvIl0sImlhdCI6MTc0MjgzMDk3MCwiZXhwIjoxNzQzNDM1NzcwLCJhdWQiOlsicGF5b3V0LmNvcHBlcnguaW8iXSwiaXNzIjoiaHR0cHM6Ly9wYXlvdXQuY29wcGVyeC5pbyIsInN1YiI6ImZlZDZlNGU5LTVlMDItNDQ2OS1hNmI1LTdiMjIwM2I5MGMwYyIsImp0aSI6IlRmWjM0SXloaEJtOTg0QlRJTjA5In0.kCj19C5k2dqsLtHmKj6ioj1x6EMBwvs4F9T6NlxdACPtDjRf8ICYmNnALLFvAEQ40dzL_yA8M69rZFZYazKjOrIeqO10r3NJjMzt6ymUgxtYd64rTDJ5WV3jzik5mAySyGSvPTO5-U63qldKLuQFqJE-_VFJciq7UNh3fXhtJMrfRRIcEk1d-X0Rl7sv93p1_lBajY9EFIqqlG1RqAaNeGSFwcanJ_SIeHqxr2jgzTy34QhuaTfVmYLLIhovyyC7Fh4AQ0OOGGiCy3Q500mdGtQ4aF1Shv-XXlZeB5LAQLgJthU3S-fG6ZncWygMfRXMDBkNgmhj81deOhoo_YeQf-U1mkUJWcf7k5ro15STMyujSNCFtDxS4Olzzh_EKDGeeL9b09xMmPFxNqypH30p5X8sEHOGgeZZ0uJTIE_2xygac-IixofVfg7Kcd_QZLxACdIF6LvULJMyQPlvhJ7RGbPNyHuS5LVQv7GkKHRseefc9_Apbr2ljLplHSIdQx1hG88jeAoG0k8Zs43MEdrb5S5f5xT801skdCjuYokku5trGpqnQWaAzCgnsAwjp4lMbOzpal6Osa7oj99BeUKIUrcRomUjEIVdnowDwjT7RvLMfN8ZnRXEcrSWMqqfNYqv8AfXRNYMGkqHB5nfvlpLRoDqVimLYTd_9KpbuFBltNI"}
2025-03-24 23:58:39 - INFO: API Response: GET https://income-api.copperx.io/api/wallets/balances - Status: 200 - Duration: 1.20s
2025-03-24 23:58:39 - INFO: Response data: [{"walletId":"30b0a830-d389-488a-b964-d6df0abe088f","isDefault":false,"network":"137","balances":[{"symbol":"USDC","balance":"0","decimals":6,"address":"0x3c499c542cef5e3811e1192ce70d8cc03d5c3359"}]},{"walletId":"da8a5c43-671c-4d1b-aa39-623f2719e76e","isDefault":true,"network":"42161","balances":[{"symbol":"USDC","balance":"3.299502","decimals":6,"address":"0xaf88d065e77c8cc2239327c5edb3a432268e5831"}]},{"walletId":"8fd2890a-fa15-4f8d-b68d-4d08b0273606","isDefault":false,"network":"8453","balances":[{"symbol":"USDC","balance":"0","decimals":6,"address":"0x833589fcd6edb6e08f4c7c32d4f71b54bda02913"}]},{"walletId":"bdde3e6b-e6f1-4734-a976-876a2ffcddb8","isDefault":null,"network":"23434","balances":[{"symbol":"USDC","balance":"0","decimals":6,"address":"0x053c91253bc9682c04929ca02ed00b3e423f6710d2ee7e0d5ebb06f3ecf368a8"},{"symbol":"STRK","balance":"0","decimals":18,"address":"0x04718f5a0fc34cc1af16a1cdee98ffb20c31f5cd61d6ab07201858f4287c938d"}]}]
2025-03-24 23:59:01 - INFO: Bot instance set in PusherClient
2025-03-24 23:59:01 - INFO: Deposit notification handler set in PusherClient
2025-03-24 23:59:01 - INFO: PusherClient configured with bot instance and notification handler
2025-03-24 23:59:01 - INFO: Bot started with polling
2025-03-24 23:59:01 - INFO: Bot is running in polling mode
2025-03-24 23:59:01 - INFO: Redis connection established
2025-03-24 23:59:25 - INFO: Bot instance set in PusherClient
2025-03-24 23:59:25 - INFO: Deposit notification handler set in PusherClient
2025-03-24 23:59:25 - INFO: PusherClient configured with bot instance and notification handler
2025-03-24 23:59:25 - INFO: Bot started with polling
2025-03-24 23:59:25 - INFO: Bot is running in polling mode
2025-03-24 23:59:25 - INFO: Redis connection established
2025-03-24 23:59:29 - INFO: Received shutdown signal, closing bot and connections...
2025-03-24 23:59:46 - INFO: Bot instance set in PusherClient
2025-03-24 23:59:46 - INFO: Deposit notification handler set in PusherClient
2025-03-24 23:59:46 - INFO: PusherClient configured with bot instance and notification handler
2025-03-24 23:59:46 - INFO: Bot started with polling
2025-03-24 23:59:46 - INFO: Bot is running in polling mode
2025-03-24 23:59:46 - INFO: Redis connection established
2025-03-25 00:00:02 - INFO: Received shutdown signal, closing bot and connections...
2025-03-25 00:00:04 - INFO: Bot instance set in PusherClient
2025-03-25 00:00:04 - INFO: Deposit notification handler set in PusherClient
2025-03-25 00:00:04 - INFO: PusherClient configured with bot instance and notification handler
2025-03-25 00:00:04 - INFO: Bot started with polling
2025-03-25 00:00:04 - INFO: Bot is running in polling mode
2025-03-25 00:00:04 - INFO: Redis connection established
2025-03-25 00:00:07 - INFO: API Request: GET https://income-api.copperx.io/api/auth/me
2025-03-25 00:00:07 - INFO: Headers: {"Content-Type":"application/json","Authorization":"Bearer eyJhbGciOiJSUzI1NiIsInR5cCI6IkpXVCIsImtpZCI6IjY1YmMyODZhMGQ1OThjNjk1NGZhNTgyYWIwYzIxNmY1OTE1NzM3ZWYzMTZjZGU5ZjExZDAzODkwYTAxOWY5NmUifQ.eyJ1c2VySWQiOiJmZWQ2ZTRlOS01ZTAyLTQ0NjktYTZiNS03YjIyMDNiOTBjMGMiLCJlbWFpbCI6InRydW5nLmh1eW5oMjI4QGdtYWlsLmNvbSIsInNjb3BlcyI6WyJwYXlvdXQuY29wcGVyeC5pbyIsInBvaW50cy5jb3BwZXJ4LmlvIl0sImlhdCI6MTc0MjgzMDk3MCwiZXhwIjoxNzQzNDM1NzcwLCJhdWQiOlsicGF5b3V0LmNvcHBlcnguaW8iXSwiaXNzIjoiaHR0cHM6Ly9wYXlvdXQuY29wcGVyeC5pbyIsInN1YiI6ImZlZDZlNGU5LTVlMDItNDQ2OS1hNmI1LTdiMjIwM2I5MGMwYyIsImp0aSI6IlRmWjM0SXloaEJtOTg0QlRJTjA5In0.kCj19C5k2dqsLtHmKj6ioj1x6EMBwvs4F9T6NlxdACPtDjRf8ICYmNnALLFvAEQ40dzL_yA8M69rZFZYazKjOrIeqO10r3NJjMzt6ymUgxtYd64rTDJ5WV3jzik5mAySyGSvPTO5-U63qldKLuQFqJE-_VFJciq7UNh3fXhtJMrfRRIcEk1d-X0Rl7sv93p1_lBajY9EFIqqlG1RqAaNeGSFwcanJ_SIeHqxr2jgzTy34QhuaTfVmYLLIhovyyC7Fh4AQ0OOGGiCy3Q500mdGtQ4aF1Shv-XXlZeB5LAQLgJthU3S-fG6ZncWygMfRXMDBkNgmhj81deOhoo_YeQf-U1mkUJWcf7k5ro15STMyujSNCFtDxS4Olzzh_EKDGeeL9b09xMmPFxNqypH30p5X8sEHOGgeZZ0uJTIE_2xygac-IixofVfg7Kcd_QZLxACdIF6LvULJMyQPlvhJ7RGbPNyHuS5LVQv7GkKHRseefc9_Apbr2ljLplHSIdQx1hG88jeAoG0k8Zs43MEdrb5S5f5xT801skdCjuYokku5trGpqnQWaAzCgnsAwjp4lMbOzpal6Osa7oj99BeUKIUrcRomUjEIVdnowDwjT7RvLMfN8ZnRXEcrSWMqqfNYqv8AfXRNYMGkqHB5nfvlpLRoDqVimLYTd_9KpbuFBltNI"}
2025-03-25 00:00:08 - INFO: API Response: GET https://income-api.copperx.io/api/auth/me - Status: 200 - Duration: 1.14s
2025-03-25 00:00:08 - INFO: Response data: {"id":"fed6e4e9-5e02-4469-a6b5-7b2203b90c0c","firstName":null,"lastName":null,"email":"trung.huynh228@gmail.com","status":"active","role":"user","relayerAddress":"0xa7d770a5c4276a4d85caba7bea9a1fcbd3672db7","type":"individual","walletAddress":"0x011bcc1A9F9f69af877A35156491F45f3f330C4A","walletAccountType":"quantum","organizationId":"4e8bbab5-d95d-4f91-a1a4-7581715d9c7a","walletId":"da8a5c43-671c-4d1b-aa39-623f2719e76e","flags":["migrated_wallet","intro"]}
2025-03-25 00:00:15 - INFO: API Request: GET https://income-api.copperx.io/api/wallets
2025-03-25 00:00:15 - INFO: Headers: {"Content-Type":"application/json","Authorization":"Bearer eyJhbGciOiJSUzI1NiIsInR5cCI6IkpXVCIsImtpZCI6IjY1YmMyODZhMGQ1OThjNjk1NGZhNTgyYWIwYzIxNmY1OTE1NzM3ZWYzMTZjZGU5ZjExZDAzODkwYTAxOWY5NmUifQ.eyJ1c2VySWQiOiJmZWQ2ZTRlOS01ZTAyLTQ0NjktYTZiNS03YjIyMDNiOTBjMGMiLCJlbWFpbCI6InRydW5nLmh1eW5oMjI4QGdtYWlsLmNvbSIsInNjb3BlcyI6WyJwYXlvdXQuY29wcGVyeC5pbyIsInBvaW50cy5jb3BwZXJ4LmlvIl0sImlhdCI6MTc0MjgzMDk3MCwiZXhwIjoxNzQzNDM1NzcwLCJhdWQiOlsicGF5b3V0LmNvcHBlcnguaW8iXSwiaXNzIjoiaHR0cHM6Ly9wYXlvdXQuY29wcGVyeC5pbyIsInN1YiI6ImZlZDZlNGU5LTVlMDItNDQ2OS1hNmI1LTdiMjIwM2I5MGMwYyIsImp0aSI6IlRmWjM0SXloaEJtOTg0QlRJTjA5In0.kCj19C5k2dqsLtHmKj6ioj1x6EMBwvs4F9T6NlxdACPtDjRf8ICYmNnALLFvAEQ40dzL_yA8M69rZFZYazKjOrIeqO10r3NJjMzt6ymUgxtYd64rTDJ5WV3jzik5mAySyGSvPTO5-U63qldKLuQFqJE-_VFJciq7UNh3fXhtJMrfRRIcEk1d-X0Rl7sv93p1_lBajY9EFIqqlG1RqAaNeGSFwcanJ_SIeHqxr2jgzTy34QhuaTfVmYLLIhovyyC7Fh4AQ0OOGGiCy3Q500mdGtQ4aF1Shv-XXlZeB5LAQLgJthU3S-fG6ZncWygMfRXMDBkNgmhj81deOhoo_YeQf-U1mkUJWcf7k5ro15STMyujSNCFtDxS4Olzzh_EKDGeeL9b09xMmPFxNqypH30p5X8sEHOGgeZZ0uJTIE_2xygac-IixofVfg7Kcd_QZLxACdIF6LvULJMyQPlvhJ7RGbPNyHuS5LVQv7GkKHRseefc9_Apbr2ljLplHSIdQx1hG88jeAoG0k8Zs43MEdrb5S5f5xT801skdCjuYokku5trGpqnQWaAzCgnsAwjp4lMbOzpal6Osa7oj99BeUKIUrcRomUjEIVdnowDwjT7RvLMfN8ZnRXEcrSWMqqfNYqv8AfXRNYMGkqHB5nfvlpLRoDqVimLYTd_9KpbuFBltNI"}
2025-03-25 00:00:16 - INFO: API Response: GET https://income-api.copperx.io/api/wallets - Status: 200 - Duration: 0.59s
2025-03-25 00:00:16 - INFO: Response data (truncated): [{"id":"30b0a830-d389-488a-b964-d6df0abe088f","createdAt":"2025-03-20T12:20:11.015Z","updatedAt":"2025-03-21T12:01:10.607Z","organizationId":"4e8bbab5-d95d-4f91-a1a4-7581715d9c7a","walletType":"quantum","isDefault":false,"network":"137","walletAddress":"0x011bcc1A9F9f69af877A35156491F45f3f330C4A"},{"id":"da8a5c43-671c-4d1b-aa39-623f2719e76e","createdAt":"2025-03-20T12:20:11.015Z","updatedAt":"2025-03-23T17:53:37.803Z","organizationId":"4e8bbab5-d95d-4f91-a1a4-7581715d9c7a","walletType":"quantum","isDefault":true,"network":"42161","walletAddress":"0x011bcc1A9F9f69af877A35156491F45f3f330C4A"},{"id":"8fd2890a-fa15-4f8d-b68d-4d08b0273606","createdAt":"2025-03-20T12:20:11.015Z","updatedAt":"2025-03-23T17:53:37.801Z","organizationId":"4e8bbab5-d95d-4f91-a1a4-7581715d9c7a","walletType":"quantum","isDefault":false,"network":"8453","walletAddress":"0x011bcc1A9F9f69af877A35156491F45f3f330C4A"},{"id":"bdde3e6b-e6f1-4734-a976-876a2ffcddb8","createdAt":"2025-03-20T12:20:11.015Z","updatedAt":"2025-0...
2025-03-25 00:00:16 - INFO: API Request: GET https://income-api.copperx.io/api/wallets/balances
2025-03-25 00:00:16 - INFO: Headers: {"Content-Type":"application/json","Authorization":"Bearer eyJhbGciOiJSUzI1NiIsInR5cCI6IkpXVCIsImtpZCI6IjY1YmMyODZhMGQ1OThjNjk1NGZhNTgyYWIwYzIxNmY1OTE1NzM3ZWYzMTZjZGU5ZjExZDAzODkwYTAxOWY5NmUifQ.eyJ1c2VySWQiOiJmZWQ2ZTRlOS01ZTAyLTQ0NjktYTZiNS03YjIyMDNiOTBjMGMiLCJlbWFpbCI6InRydW5nLmh1eW5oMjI4QGdtYWlsLmNvbSIsInNjb3BlcyI6WyJwYXlvdXQuY29wcGVyeC5pbyIsInBvaW50cy5jb3BwZXJ4LmlvIl0sImlhdCI6MTc0MjgzMDk3MCwiZXhwIjoxNzQzNDM1NzcwLCJhdWQiOlsicGF5b3V0LmNvcHBlcnguaW8iXSwiaXNzIjoiaHR0cHM6Ly9wYXlvdXQuY29wcGVyeC5pbyIsInN1YiI6ImZlZDZlNGU5LTVlMDItNDQ2OS1hNmI1LTdiMjIwM2I5MGMwYyIsImp0aSI6IlRmWjM0SXloaEJtOTg0QlRJTjA5In0.kCj19C5k2dqsLtHmKj6ioj1x6EMBwvs4F9T6NlxdACPtDjRf8ICYmNnALLFvAEQ40dzL_yA8M69rZFZYazKjOrIeqO10r3NJjMzt6ymUgxtYd64rTDJ5WV3jzik5mAySyGSvPTO5-U63qldKLuQFqJE-_VFJciq7UNh3fXhtJMrfRRIcEk1d-X0Rl7sv93p1_lBajY9EFIqqlG1RqAaNeGSFwcanJ_SIeHqxr2jgzTy34QhuaTfVmYLLIhovyyC7Fh4AQ0OOGGiCy3Q500mdGtQ4aF1Shv-XXlZeB5LAQLgJthU3S-fG6ZncWygMfRXMDBkNgmhj81deOhoo_YeQf-U1mkUJWcf7k5ro15STMyujSNCFtDxS4Olzzh_EKDGeeL9b09xMmPFxNqypH30p5X8sEHOGgeZZ0uJTIE_2xygac-IixofVfg7Kcd_QZLxACdIF6LvULJMyQPlvhJ7RGbPNyHuS5LVQv7GkKHRseefc9_Apbr2ljLplHSIdQx1hG88jeAoG0k8Zs43MEdrb5S5f5xT801skdCjuYokku5trGpqnQWaAzCgnsAwjp4lMbOzpal6Osa7oj99BeUKIUrcRomUjEIVdnowDwjT7RvLMfN8ZnRXEcrSWMqqfNYqv8AfXRNYMGkqHB5nfvlpLRoDqVimLYTd_9KpbuFBltNI"}
2025-03-25 00:00:17 - INFO: API Response: GET https://income-api.copperx.io/api/wallets/balances - Status: 200 - Duration: 1.59s
2025-03-25 00:00:17 - INFO: Response data: [{"walletId":"30b0a830-d389-488a-b964-d6df0abe088f","isDefault":false,"network":"137","balances":[{"symbol":"USDC","balance":"0","decimals":6,"address":"0x3c499c542cef5e3811e1192ce70d8cc03d5c3359"}]},{"walletId":"da8a5c43-671c-4d1b-aa39-623f2719e76e","isDefault":true,"network":"42161","balances":[{"symbol":"USDC","balance":"3.299502","decimals":6,"address":"0xaf88d065e77c8cc2239327c5edb3a432268e5831"}]},{"walletId":"8fd2890a-fa15-4f8d-b68d-4d08b0273606","isDefault":false,"network":"8453","balances":[{"symbol":"USDC","balance":"0","decimals":6,"address":"0x833589fcd6edb6e08f4c7c32d4f71b54bda02913"}]},{"walletId":"bdde3e6b-e6f1-4734-a976-876a2ffcddb8","isDefault":null,"network":"23434","balances":[{"symbol":"USDC","balance":"0","decimals":6,"address":"0x053c91253bc9682c04929ca02ed00b3e423f6710d2ee7e0d5ebb06f3ecf368a8"},{"symbol":"STRK","balance":"0","decimals":18,"address":"0x04718f5a0fc34cc1af16a1cdee98ffb20c31f5cd61d6ab07201858f4287c938d"}]}]
2025-03-25 00:00:25 - INFO: API Request: GET https://income-api.copperx.io/api/wallets
2025-03-25 00:00:25 - INFO: Headers: {"Content-Type":"application/json","Authorization":"Bearer eyJhbGciOiJSUzI1NiIsInR5cCI6IkpXVCIsImtpZCI6IjY1YmMyODZhMGQ1OThjNjk1NGZhNTgyYWIwYzIxNmY1OTE1NzM3ZWYzMTZjZGU5ZjExZDAzODkwYTAxOWY5NmUifQ.eyJ1c2VySWQiOiJmZWQ2ZTRlOS01ZTAyLTQ0NjktYTZiNS03YjIyMDNiOTBjMGMiLCJlbWFpbCI6InRydW5nLmh1eW5oMjI4QGdtYWlsLmNvbSIsInNjb3BlcyI6WyJwYXlvdXQuY29wcGVyeC5pbyIsInBvaW50cy5jb3BwZXJ4LmlvIl0sImlhdCI6MTc0MjgzMDk3MCwiZXhwIjoxNzQzNDM1NzcwLCJhdWQiOlsicGF5b3V0LmNvcHBlcnguaW8iXSwiaXNzIjoiaHR0cHM6Ly9wYXlvdXQuY29wcGVyeC5pbyIsInN1YiI6ImZlZDZlNGU5LTVlMDItNDQ2OS1hNmI1LTdiMjIwM2I5MGMwYyIsImp0aSI6IlRmWjM0SXloaEJtOTg0QlRJTjA5In0.kCj19C5k2dqsLtHmKj6ioj1x6EMBwvs4F9T6NlxdACPtDjRf8ICYmNnALLFvAEQ40dzL_yA8M69rZFZYazKjOrIeqO10r3NJjMzt6ymUgxtYd64rTDJ5WV3jzik5mAySyGSvPTO5-U63qldKLuQFqJE-_VFJciq7UNh3fXhtJMrfRRIcEk1d-X0Rl7sv93p1_lBajY9EFIqqlG1RqAaNeGSFwcanJ_SIeHqxr2jgzTy34QhuaTfVmYLLIhovyyC7Fh4AQ0OOGGiCy3Q500mdGtQ4aF1Shv-XXlZeB5LAQLgJthU3S-fG6ZncWygMfRXMDBkNgmhj81deOhoo_YeQf-U1mkUJWcf7k5ro15STMyujSNCFtDxS4Olzzh_EKDGeeL9b09xMmPFxNqypH30p5X8sEHOGgeZZ0uJTIE_2xygac-IixofVfg7Kcd_QZLxACdIF6LvULJMyQPlvhJ7RGbPNyHuS5LVQv7GkKHRseefc9_Apbr2ljLplHSIdQx1hG88jeAoG0k8Zs43MEdrb5S5f5xT801skdCjuYokku5trGpqnQWaAzCgnsAwjp4lMbOzpal6Osa7oj99BeUKIUrcRomUjEIVdnowDwjT7RvLMfN8ZnRXEcrSWMqqfNYqv8AfXRNYMGkqHB5nfvlpLRoDqVimLYTd_9KpbuFBltNI"}
2025-03-25 00:00:25 - INFO: API Response: GET https://income-api.copperx.io/api/wallets - Status: 200 - Duration: 0.62s
2025-03-25 00:00:25 - INFO: Response data (truncated): [{"id":"30b0a830-d389-488a-b964-d6df0abe088f","createdAt":"2025-03-20T12:20:11.015Z","updatedAt":"2025-03-21T12:01:10.607Z","organizationId":"4e8bbab5-d95d-4f91-a1a4-7581715d9c7a","walletType":"quantum","isDefault":false,"network":"137","walletAddress":"0x011bcc1A9F9f69af877A35156491F45f3f330C4A"},{"id":"da8a5c43-671c-4d1b-aa39-623f2719e76e","createdAt":"2025-03-20T12:20:11.015Z","updatedAt":"2025-03-23T17:53:37.803Z","organizationId":"4e8bbab5-d95d-4f91-a1a4-7581715d9c7a","walletType":"quantum","isDefault":true,"network":"42161","walletAddress":"0x011bcc1A9F9f69af877A35156491F45f3f330C4A"},{"id":"8fd2890a-fa15-4f8d-b68d-4d08b0273606","createdAt":"2025-03-20T12:20:11.015Z","updatedAt":"2025-03-23T17:53:37.801Z","organizationId":"4e8bbab5-d95d-4f91-a1a4-7581715d9c7a","walletType":"quantum","isDefault":false,"network":"8453","walletAddress":"0x011bcc1A9F9f69af877A35156491F45f3f330C4A"},{"id":"bdde3e6b-e6f1-4734-a976-876a2ffcddb8","createdAt":"2025-03-20T12:20:11.015Z","updatedAt":"2025-0...
2025-03-25 00:00:25 - INFO: API Request: GET https://income-api.copperx.io/api/wallets
2025-03-25 00:00:25 - INFO: Headers: {"Content-Type":"application/json","Authorization":"Bearer eyJhbGciOiJSUzI1NiIsInR5cCI6IkpXVCIsImtpZCI6IjY1YmMyODZhMGQ1OThjNjk1NGZhNTgyYWIwYzIxNmY1OTE1NzM3ZWYzMTZjZGU5ZjExZDAzODkwYTAxOWY5NmUifQ.eyJ1c2VySWQiOiJmZWQ2ZTRlOS01ZTAyLTQ0NjktYTZiNS03YjIyMDNiOTBjMGMiLCJlbWFpbCI6InRydW5nLmh1eW5oMjI4QGdtYWlsLmNvbSIsInNjb3BlcyI6WyJwYXlvdXQuY29wcGVyeC5pbyIsInBvaW50cy5jb3BwZXJ4LmlvIl0sImlhdCI6MTc0MjgzMDk3MCwiZXhwIjoxNzQzNDM1NzcwLCJhdWQiOlsicGF5b3V0LmNvcHBlcnguaW8iXSwiaXNzIjoiaHR0cHM6Ly9wYXlvdXQuY29wcGVyeC5pbyIsInN1YiI6ImZlZDZlNGU5LTVlMDItNDQ2OS1hNmI1LTdiMjIwM2I5MGMwYyIsImp0aSI6IlRmWjM0SXloaEJtOTg0QlRJTjA5In0.kCj19C5k2dqsLtHmKj6ioj1x6EMBwvs4F9T6NlxdACPtDjRf8ICYmNnALLFvAEQ40dzL_yA8M69rZFZYazKjOrIeqO10r3NJjMzt6ymUgxtYd64rTDJ5WV3jzik5mAySyGSvPTO5-U63qldKLuQFqJE-_VFJciq7UNh3fXhtJMrfRRIcEk1d-X0Rl7sv93p1_lBajY9EFIqqlG1RqAaNeGSFwcanJ_SIeHqxr2jgzTy34QhuaTfVmYLLIhovyyC7Fh4AQ0OOGGiCy3Q500mdGtQ4aF1Shv-XXlZeB5LAQLgJthU3S-fG6ZncWygMfRXMDBkNgmhj81deOhoo_YeQf-U1mkUJWcf7k5ro15STMyujSNCFtDxS4Olzzh_EKDGeeL9b09xMmPFxNqypH30p5X8sEHOGgeZZ0uJTIE_2xygac-IixofVfg7Kcd_QZLxACdIF6LvULJMyQPlvhJ7RGbPNyHuS5LVQv7GkKHRseefc9_Apbr2ljLplHSIdQx1hG88jeAoG0k8Zs43MEdrb5S5f5xT801skdCjuYokku5trGpqnQWaAzCgnsAwjp4lMbOzpal6Osa7oj99BeUKIUrcRomUjEIVdnowDwjT7RvLMfN8ZnRXEcrSWMqqfNYqv8AfXRNYMGkqHB5nfvlpLRoDqVimLYTd_9KpbuFBltNI"}
2025-03-25 00:00:25 - INFO: API Response: GET https://income-api.copperx.io/api/wallets - Status: 200 - Duration: 0.12s
2025-03-25 00:00:25 - INFO: Response data (truncated): [{"id":"30b0a830-d389-488a-b964-d6df0abe088f","createdAt":"2025-03-20T12:20:11.015Z","updatedAt":"2025-03-21T12:01:10.607Z","organizationId":"4e8bbab5-d95d-4f91-a1a4-7581715d9c7a","walletType":"quantum","isDefault":false,"network":"137","walletAddress":"0x011bcc1A9F9f69af877A35156491F45f3f330C4A"},{"id":"da8a5c43-671c-4d1b-aa39-623f2719e76e","createdAt":"2025-03-20T12:20:11.015Z","updatedAt":"2025-03-23T17:53:37.803Z","organizationId":"4e8bbab5-d95d-4f91-a1a4-7581715d9c7a","walletType":"quantum","isDefault":true,"network":"42161","walletAddress":"0x011bcc1A9F9f69af877A35156491F45f3f330C4A"},{"id":"8fd2890a-fa15-4f8d-b68d-4d08b0273606","createdAt":"2025-03-20T12:20:11.015Z","updatedAt":"2025-03-23T17:53:37.801Z","organizationId":"4e8bbab5-d95d-4f91-a1a4-7581715d9c7a","walletType":"quantum","isDefault":false,"network":"8453","walletAddress":"0x011bcc1A9F9f69af877A35156491F45f3f330C4A"},{"id":"bdde3e6b-e6f1-4734-a976-876a2ffcddb8","createdAt":"2025-03-20T12:20:11.015Z","updatedAt":"2025-0...
2025-03-25 00:00:25 - INFO: API Request: GET https://income-api.copperx.io/api/wallets/balances
2025-03-25 00:00:25 - INFO: Headers: {"Content-Type":"application/json","Authorization":"Bearer eyJhbGciOiJSUzI1NiIsInR5cCI6IkpXVCIsImtpZCI6IjY1YmMyODZhMGQ1OThjNjk1NGZhNTgyYWIwYzIxNmY1OTE1NzM3ZWYzMTZjZGU5ZjExZDAzODkwYTAxOWY5NmUifQ.eyJ1c2VySWQiOiJmZWQ2ZTRlOS01ZTAyLTQ0NjktYTZiNS03YjIyMDNiOTBjMGMiLCJlbWFpbCI6InRydW5nLmh1eW5oMjI4QGdtYWlsLmNvbSIsInNjb3BlcyI6WyJwYXlvdXQuY29wcGVyeC5pbyIsInBvaW50cy5jb3BwZXJ4LmlvIl0sImlhdCI6MTc0MjgzMDk3MCwiZXhwIjoxNzQzNDM1NzcwLCJhdWQiOlsicGF5b3V0LmNvcHBlcnguaW8iXSwiaXNzIjoiaHR0cHM6Ly9wYXlvdXQuY29wcGVyeC5pbyIsInN1YiI6ImZlZDZlNGU5LTVlMDItNDQ2OS1hNmI1LTdiMjIwM2I5MGMwYyIsImp0aSI6IlRmWjM0SXloaEJtOTg0QlRJTjA5In0.kCj19C5k2dqsLtHmKj6ioj1x6EMBwvs4F9T6NlxdACPtDjRf8ICYmNnALLFvAEQ40dzL_yA8M69rZFZYazKjOrIeqO10r3NJjMzt6ymUgxtYd64rTDJ5WV3jzik5mAySyGSvPTO5-U63qldKLuQFqJE-_VFJciq7UNh3fXhtJMrfRRIcEk1d-X0Rl7sv93p1_lBajY9EFIqqlG1RqAaNeGSFwcanJ_SIeHqxr2jgzTy34QhuaTfVmYLLIhovyyC7Fh4AQ0OOGGiCy3Q500mdGtQ4aF1Shv-XXlZeB5LAQLgJthU3S-fG6ZncWygMfRXMDBkNgmhj81deOhoo_YeQf-U1mkUJWcf7k5ro15STMyujSNCFtDxS4Olzzh_EKDGeeL9b09xMmPFxNqypH30p5X8sEHOGgeZZ0uJTIE_2xygac-IixofVfg7Kcd_QZLxACdIF6LvULJMyQPlvhJ7RGbPNyHuS5LVQv7GkKHRseefc9_Apbr2ljLplHSIdQx1hG88jeAoG0k8Zs43MEdrb5S5f5xT801skdCjuYokku5trGpqnQWaAzCgnsAwjp4lMbOzpal6Osa7oj99BeUKIUrcRomUjEIVdnowDwjT7RvLMfN8ZnRXEcrSWMqqfNYqv8AfXRNYMGkqHB5nfvlpLRoDqVimLYTd_9KpbuFBltNI"}
2025-03-25 00:00:27 - INFO: API Response: GET https://income-api.copperx.io/api/wallets/balances - Status: 200 - Duration: 1.32s
2025-03-25 00:00:27 - INFO: Response data: [{"walletId":"30b0a830-d389-488a-b964-d6df0abe088f","isDefault":false,"network":"137","balances":[{"symbol":"USDC","balance":"0","decimals":6,"address":"0x3c499c542cef5e3811e1192ce70d8cc03d5c3359"}]},{"walletId":"da8a5c43-671c-4d1b-aa39-623f2719e76e","isDefault":true,"network":"42161","balances":[{"symbol":"USDC","balance":"3.299502","decimals":6,"address":"0xaf88d065e77c8cc2239327c5edb3a432268e5831"}]},{"walletId":"8fd2890a-fa15-4f8d-b68d-4d08b0273606","isDefault":false,"network":"8453","balances":[{"symbol":"USDC","balance":"0","decimals":6,"address":"0x833589fcd6edb6e08f4c7c32d4f71b54bda02913"}]},{"walletId":"bdde3e6b-e6f1-4734-a976-876a2ffcddb8","isDefault":null,"network":"23434","balances":[{"symbol":"USDC","balance":"0","decimals":6,"address":"0x053c91253bc9682c04929ca02ed00b3e423f6710d2ee7e0d5ebb06f3ecf368a8"},{"symbol":"STRK","balance":"0","decimals":18,"address":"0x04718f5a0fc34cc1af16a1cdee98ffb20c31f5cd61d6ab07201858f4287c938d"}]}]
2025-03-25 00:00:30 - INFO: API Request: GET https://income-api.copperx.io/api/wallets
2025-03-25 00:00:30 - INFO: Headers: {"Content-Type":"application/json","Authorization":"Bearer eyJhbGciOiJSUzI1NiIsInR5cCI6IkpXVCIsImtpZCI6IjY1YmMyODZhMGQ1OThjNjk1NGZhNTgyYWIwYzIxNmY1OTE1NzM3ZWYzMTZjZGU5ZjExZDAzODkwYTAxOWY5NmUifQ.eyJ1c2VySWQiOiJmZWQ2ZTRlOS01ZTAyLTQ0NjktYTZiNS03YjIyMDNiOTBjMGMiLCJlbWFpbCI6InRydW5nLmh1eW5oMjI4QGdtYWlsLmNvbSIsInNjb3BlcyI6WyJwYXlvdXQuY29wcGVyeC5pbyIsInBvaW50cy5jb3BwZXJ4LmlvIl0sImlhdCI6MTc0MjgzMDk3MCwiZXhwIjoxNzQzNDM1NzcwLCJhdWQiOlsicGF5b3V0LmNvcHBlcnguaW8iXSwiaXNzIjoiaHR0cHM6Ly9wYXlvdXQuY29wcGVyeC5pbyIsInN1YiI6ImZlZDZlNGU5LTVlMDItNDQ2OS1hNmI1LTdiMjIwM2I5MGMwYyIsImp0aSI6IlRmWjM0SXloaEJtOTg0QlRJTjA5In0.kCj19C5k2dqsLtHmKj6ioj1x6EMBwvs4F9T6NlxdACPtDjRf8ICYmNnALLFvAEQ40dzL_yA8M69rZFZYazKjOrIeqO10r3NJjMzt6ymUgxtYd64rTDJ5WV3jzik5mAySyGSvPTO5-U63qldKLuQFqJE-_VFJciq7UNh3fXhtJMrfRRIcEk1d-X0Rl7sv93p1_lBajY9EFIqqlG1RqAaNeGSFwcanJ_SIeHqxr2jgzTy34QhuaTfVmYLLIhovyyC7Fh4AQ0OOGGiCy3Q500mdGtQ4aF1Shv-XXlZeB5LAQLgJthU3S-fG6ZncWygMfRXMDBkNgmhj81deOhoo_YeQf-U1mkUJWcf7k5ro15STMyujSNCFtDxS4Olzzh_EKDGeeL9b09xMmPFxNqypH30p5X8sEHOGgeZZ0uJTIE_2xygac-IixofVfg7Kcd_QZLxACdIF6LvULJMyQPlvhJ7RGbPNyHuS5LVQv7GkKHRseefc9_Apbr2ljLplHSIdQx1hG88jeAoG0k8Zs43MEdrb5S5f5xT801skdCjuYokku5trGpqnQWaAzCgnsAwjp4lMbOzpal6Osa7oj99BeUKIUrcRomUjEIVdnowDwjT7RvLMfN8ZnRXEcrSWMqqfNYqv8AfXRNYMGkqHB5nfvlpLRoDqVimLYTd_9KpbuFBltNI"}
2025-03-25 00:00:30 - INFO: API Response: GET https://income-api.copperx.io/api/wallets - Status: 200 - Duration: 0.12s
2025-03-25 00:00:30 - INFO: Response data (truncated): [{"id":"30b0a830-d389-488a-b964-d6df0abe088f","createdAt":"2025-03-20T12:20:11.015Z","updatedAt":"2025-03-21T12:01:10.607Z","organizationId":"4e8bbab5-d95d-4f91-a1a4-7581715d9c7a","walletType":"quantum","isDefault":false,"network":"137","walletAddress":"0x011bcc1A9F9f69af877A35156491F45f3f330C4A"},{"id":"da8a5c43-671c-4d1b-aa39-623f2719e76e","createdAt":"2025-03-20T12:20:11.015Z","updatedAt":"2025-03-23T17:53:37.803Z","organizationId":"4e8bbab5-d95d-4f91-a1a4-7581715d9c7a","walletType":"quantum","isDefault":true,"network":"42161","walletAddress":"0x011bcc1A9F9f69af877A35156491F45f3f330C4A"},{"id":"8fd2890a-fa15-4f8d-b68d-4d08b0273606","createdAt":"2025-03-20T12:20:11.015Z","updatedAt":"2025-03-23T17:53:37.801Z","organizationId":"4e8bbab5-d95d-4f91-a1a4-7581715d9c7a","walletType":"quantum","isDefault":false,"network":"8453","walletAddress":"0x011bcc1A9F9f69af877A35156491F45f3f330C4A"},{"id":"bdde3e6b-e6f1-4734-a976-876a2ffcddb8","createdAt":"2025-03-20T12:20:11.015Z","updatedAt":"2025-0...
2025-03-25 00:00:42 - INFO: API Request: GET https://income-api.copperx.io/api/transfers
2025-03-25 00:00:42 - INFO: Headers: {"Content-Type":"application/json","Authorization":"Bearer eyJhbGciOiJSUzI1NiIsInR5cCI6IkpXVCIsImtpZCI6IjY1YmMyODZhMGQ1OThjNjk1NGZhNTgyYWIwYzIxNmY1OTE1NzM3ZWYzMTZjZGU5ZjExZDAzODkwYTAxOWY5NmUifQ.eyJ1c2VySWQiOiJmZWQ2ZTRlOS01ZTAyLTQ0NjktYTZiNS03YjIyMDNiOTBjMGMiLCJlbWFpbCI6InRydW5nLmh1eW5oMjI4QGdtYWlsLmNvbSIsInNjb3BlcyI6WyJwYXlvdXQuY29wcGVyeC5pbyIsInBvaW50cy5jb3BwZXJ4LmlvIl0sImlhdCI6MTc0MjgzMDk3MCwiZXhwIjoxNzQzNDM1NzcwLCJhdWQiOlsicGF5b3V0LmNvcHBlcnguaW8iXSwiaXNzIjoiaHR0cHM6Ly9wYXlvdXQuY29wcGVyeC5pbyIsInN1YiI6ImZlZDZlNGU5LTVlMDItNDQ2OS1hNmI1LTdiMjIwM2I5MGMwYyIsImp0aSI6IlRmWjM0SXloaEJtOTg0QlRJTjA5In0.kCj19C5k2dqsLtHmKj6ioj1x6EMBwvs4F9T6NlxdACPtDjRf8ICYmNnALLFvAEQ40dzL_yA8M69rZFZYazKjOrIeqO10r3NJjMzt6ymUgxtYd64rTDJ5WV3jzik5mAySyGSvPTO5-U63qldKLuQFqJE-_VFJciq7UNh3fXhtJMrfRRIcEk1d-X0Rl7sv93p1_lBajY9EFIqqlG1RqAaNeGSFwcanJ_SIeHqxr2jgzTy34QhuaTfVmYLLIhovyyC7Fh4AQ0OOGGiCy3Q500mdGtQ4aF1Shv-XXlZeB5LAQLgJthU3S-fG6ZncWygMfRXMDBkNgmhj81deOhoo_YeQf-U1mkUJWcf7k5ro15STMyujSNCFtDxS4Olzzh_EKDGeeL9b09xMmPFxNqypH30p5X8sEHOGgeZZ0uJTIE_2xygac-IixofVfg7Kcd_QZLxACdIF6LvULJMyQPlvhJ7RGbPNyHuS5LVQv7GkKHRseefc9_Apbr2ljLplHSIdQx1hG88jeAoG0k8Zs43MEdrb5S5f5xT801skdCjuYokku5trGpqnQWaAzCgnsAwjp4lMbOzpal6Osa7oj99BeUKIUrcRomUjEIVdnowDwjT7RvLMfN8ZnRXEcrSWMqqfNYqv8AfXRNYMGkqHB5nfvlpLRoDqVimLYTd_9KpbuFBltNI"}
2025-03-25 00:00:42 - INFO: Query params: {"page":1,"limit":10}
2025-03-25 00:00:43 - INFO: API Response: GET https://income-api.copperx.io/api/transfers - Status: 200 - Duration: 1.14s
2025-03-25 00:00:43 - INFO: Response data (truncated): {"page":1,"limit":10,"count":15,"hasMore":true,"data":[{"id":"6ab413f5-9495-42e9-83d8-ec981b38b6b7","createdAt":"2025-03-24T15:45:36.655Z","updatedAt":"2025-03-24T15:45:36.655Z","organizationId":"4e8bbab5-d95d-4f91-a1a4-7581715d9c7a","status":"success","customerId":null,"type":"deposit","amount":"40200000","currency":"USDC","amountSubtotal":"40200000","totalFee":"0","feeCurrency":"USDC","invoiceNumber":null,"invoiceUrl":null,"purposeCode":null,"sourceAccountId":"1e75597f-b3e3-4d19-87c4-81b6bb7d307f","destinationAccountId":"4565034a-3964-461f-ab7b-0cf8d4d3976e","sourceCountry":"none","sourceOfFundsFile":null,"note":null,"destinationCountry":"none","isThirdPartyPayment":null,"destinationCurrency":null,"mode":"on_chain","senderDisplayName":"Trung Huynh","transactions":[{"id":"aa56e671-4858-41b2-9e88-528530d68cc5","createdAt":"2025-03-24T15:45:36.667Z","updatedAt":"2025-03-24T15:45:36.667Z","organizationId":"4e8bbab5-d95d-4f91-a1a4-7581715d9c7a","type":"deposit","providerCode":"0x21","kycI...
2025-03-25 00:07:22 - INFO: Bot instance set in PusherClient
2025-03-25 00:07:22 - INFO: Deposit notification handler set in PusherClient
2025-03-25 00:07:22 - INFO: PusherClient configured with bot instance and notification handler
2025-03-25 00:07:22 - INFO: Bot started with polling
2025-03-25 00:07:22 - INFO: Bot is running in polling mode
2025-03-25 00:07:22 - INFO: Redis connection established
2025-03-25 00:10:24 - INFO: Received shutdown signal, closing bot and connections...
2025-03-25 00:11:08 - INFO: Bot instance set in PusherClient
2025-03-25 00:11:08 - INFO: Deposit notification handler set in PusherClient
2025-03-25 00:11:08 - INFO: PusherClient configured with bot instance and notification handler
2025-03-25 00:11:08 - INFO: Bot started with polling
2025-03-25 00:11:08 - INFO: Bot is running in polling mode
2025-03-25 00:11:08 - INFO: Redis connection established
